<?xml version="1.0" encoding="UTF-8"?>
<coverage generated="1678355590274" clover="3.2.0">
  <project timestamp="1678355590274" name="All files">
    <metrics statements="13" coveredstatements="13" conditionals="11" coveredconditionals="10" methods="2" coveredmethods="2" elements="26" coveredelements="25" complexity="0" loc="13" ncloc="13" packages="1" files="1" classes="1"/>
    <file name="Validator.js" path="C:\Users\m.podosenov\Desktop\proxy-dz\Validator.js">
      <metrics statements="13" coveredstatements="13" conditionals="11" coveredconditionals="10" methods="2" coveredmethods="2"/>
      <line num="3" count="9" type="stmt"/>
      <line num="4" count="9" type="stmt"/>
      <line num="6" count="9" type="stmt"/>
      <line num="7" count="9" type="stmt"/>
      <line num="8" count="9" type="stmt"/>
      <line num="9" count="9" type="stmt"/>
      <line num="10" count="9" type="stmt"/>
      <line num="14" count="9" type="stmt"/>
      <line num="16" count="9" type="cond" truecount="1" falsecount="1"/>
      <line num="17" count="9" type="cond" truecount="4" falsecount="0"/>
      <line num="18" count="1" type="stmt"/>
      <line num="22" count="9" type="cond" truecount="5" falsecount="0"/>
      <line num="26" count="1" type="stmt"/>
    </file>
  </project>
</coverage>
