{"C:\\Users\\m.podosenov\\Desktop\\proxy-dz\\Validator.js": {"path":"C:\\Users\\m.podosenov\\Desktop\\proxy-dz\\Validator.js","statementMap":{"0":{"start":{"line":3,"column":4},"end":{"line":3,"column":29}},"1":{"start":{"line":4,"column":4},"end":{"line":4,"column":80}},"2":{"start":{"line":6,"column":4},"end":{"line":6,"column":57}},"3":{"start":{"line":7,"column":4},"end":{"line":7,"column":55}},"4":{"start":{"line":8,"column":4},"end":{"line":8,"column":54}},"5":{"start":{"line":9,"column":4},"end":{"line":9,"column":52}},"6":{"start":{"line":10,"column":4},"end":{"line":10,"column":63}},"7":{"start":{"line":14,"column":18},"end":{"line":14,"column":22}},"8":{"start":{"line":16,"column":4},"end":{"line":20,"column":5}},"9":{"start":{"line":17,"column":6},"end":{"line":19,"column":7}},"10":{"start":{"line":18,"column":8},"end":{"line":18,"column":24}},"11":{"start":{"line":22,"column":4},"end":{"line":22,"column":183}},"12":{"start":{"line":26,"column":0},"end":{"line":26,"column":58}}},"fnMap":{"0":{"name":"(anonymous_0)","decl":{"start":{"line":2,"column":2},"end":{"line":2,"column":3}},"loc":{"start":{"line":2,"column":24},"end":{"line":11,"column":3}},"line":2},"1":{"name":"(anonymous_1)","decl":{"start":{"line":13,"column":2},"end":{"line":13,"column":3}},"loc":{"start":{"line":13,"column":21},"end":{"line":23,"column":3}},"line":13}},"branchMap":{"0":{"loc":{"start":{"line":16,"column":4},"end":{"line":20,"column":5}},"type":"if","locations":[{"start":{"line":16,"column":4},"end":{"line":20,"column":5}},{"start":{},"end":{}}],"line":16},"1":{"loc":{"start":{"line":17,"column":6},"end":{"line":19,"column":7}},"type":"if","locations":[{"start":{"line":17,"column":6},"end":{"line":19,"column":7}},{"start":{},"end":{}}],"line":17},"2":{"loc":{"start":{"line":17,"column":10},"end":{"line":17,"column":104}},"type":"binary-expr","locations":[{"start":{"line":17,"column":10},"end":{"line":17,"column":57}},{"start":{"line":17,"column":61},"end":{"line":17,"column":104}}],"line":17},"3":{"loc":{"start":{"line":22,"column":11},"end":{"line":22,"column":182}},"type":"binary-expr","locations":[{"start":{"line":22,"column":11},"end":{"line":22,"column":48}},{"start":{"line":22,"column":52},"end":{"line":22,"column":87}},{"start":{"line":22,"column":91},"end":{"line":22,"column":131}},{"start":{"line":22,"column":135},"end":{"line":22,"column":171}},{"start":{"line":22,"column":175},"end":{"line":22,"column":182}}],"line":22}},"s":{"0":9,"1":9,"2":9,"3":9,"4":9,"5":9,"6":9,"7":9,"8":9,"9":9,"10":1,"11":9,"12":1},"f":{"0":9,"1":9},"b":{"0":[9,0],"1":[1,8],"2":[9,5],"3":[9,8,7,6,6]},"_coverageSchema":"1a1c01bbd47fc00a2c39e90264f33305004495a9","hash":"719c6c4e3441b5d359765f7bf1d41a585f275090"}
}
