{"C:\\Users\\m.podosenov\\Desktop\\proxy-dz\\Validator.js": {"path":"C:\\Users\\m.podosenov\\Desktop\\proxy-dz\\Validator.js","statementMap":{"0":{"start":{"line":3,"column":4},"end":{"line":3,"column":29}},"1":{"start":{"line":4,"column":4},"end":{"line":4,"column":80}},"2":{"start":{"line":6,"column":4},"end":{"line":6,"column":57}},"3":{"start":{"line":7,"column":4},"end":{"line":7,"column":55}},"4":{"start":{"line":8,"column":4},"end":{"line":8,"column":54}},"5":{"start":{"line":9,"column":4},"end":{"line":9,"column":52}},"6":{"start":{"line":13,"column":4},"end":{"line":13,"column":172}}},"fnMap":{"0":{"name":"(anonymous_0)","decl":{"start":{"line":2,"column":2},"end":{"line":2,"column":3}},"loc":{"start":{"line":2,"column":24},"end":{"line":10,"column":3}},"line":2},"1":{"name":"(anonymous_1)","decl":{"start":{"line":12,"column":2},"end":{"line":12,"column":3}},"loc":{"start":{"line":12,"column":21},"end":{"line":14,"column":3}},"line":12}},"branchMap":{"0":{"loc":{"start":{"line":13,"column":11},"end":{"line":13,"column":171}},"type":"binary-expr","locations":[{"start":{"line":13,"column":11},"end":{"line":13,"column":48}},{"start":{"line":13,"column":52},"end":{"line":13,"column":87}},{"start":{"line":13,"column":91},"end":{"line":13,"column":131}},{"start":{"line":13,"column":135},"end":{"line":13,"column":171}}],"line":13}},"s":{"0":8,"1":8,"2":8,"3":8,"4":8,"5":8,"6":8},"f":{"0":8,"1":8},"b":{"0":[8,7,6,5]},"_coverageSchema":"1a1c01bbd47fc00a2c39e90264f33305004495a9","hash":"0eb337869047301681ecdb9e673a430a14fc7a69"}
}
